DEBUG:root:debug massage!
INFO:root:info massgae!
WARNING:root:warning massage!
ERROR:root:errpr massage!
CRITICAL:root:critical massage!
DEBUG:root:debug massage!
INFO:root:info massgae!
WARNING:root:warning massage!
ERROR:root:errpr massage!
CRITICAL:root:critical massage!
2020/12/23 06:03:08 /Users/qtt/Desktop/git-guozhijia/week01/logging_t.py logging_t.py 42行 INFO info
2020/12/23 06:03:08 /Users/qtt/Desktop/git-guozhijia/week01/logging_t.py logging_t.py 43行 DEBUG debug
2020/12/23 07:58:09 /Users/qtt/Desktop/git-guozhijia/week01/logging_t.py logging_t.py 40行 INFO info
2020/12/23 07:58:09 /Users/qtt/Desktop/git-guozhijia/week01/logging_t.py logging_t.py 41行 DEBUG debug
2020/12/23 07:59:35 /Users/qtt/Desktop/git-guozhijia/week01/guozhijia_week01.py guozhijia_week01.py 9行 INFO 2020-12-23 19:59:35
start time---------:Thu Dec 24 11:53:01 2020
end of time--------:Thu Dec 24 11:53:04 2020
start time---------:Thu Dec 24 11:54:20 2020
end of time--------:Thu Dec 24 11:54:23 2020
start time---------:Thu Dec 24 11:54:23 2020
end of time--------:Thu Dec 24 11:54:26 2020
start time---------:Thu Dec 24 11:54:26 2020
end of time--------:Thu Dec 24 11:54:29 2020
start time---------:Thu Dec 24 11:54:29 2020
end of time--------:Thu Dec 24 11:54:32 2020
start time---------:Thu Dec 24 11:54:32 2020
end of time--------:Thu Dec 24 11:54:35 2020
start time---------:Thu Dec 24 11:54:35 2020
end of time--------:Thu Dec 24 11:54:38 2020
start time---------:Thu Dec 24 11:54:38 2020
end of time--------:Thu Dec 24 11:54:41 2020
start time---------:Thu Dec 24 11:54:41 2020
start time---------:Thu Dec 24 11:56:11 2020
end of time--------:Thu Dec 24 11:56:14 2020
start time---------:Thu Dec 24 11:56:14 2020
end of time--------:Thu Dec 24 11:56:17 2020
start time---------:Thu Dec 24 11:56:17 2020
start time---------:Thu Dec 24 13:55:23 2020
end of time--------:Thu Dec 24 13:55:26 2020
start time---------:Thu Dec 24 13:55:26 2020
end of time--------:Thu Dec 24 13:55:29 2020
start time---------:Thu Dec 24 13:55:29 2020
end of time--------:Thu Dec 24 13:55:32 2020
start time---------:Thu Dec 24 13:55:32 2020
end of time--------:Thu Dec 24 13:55:35 2020
start time---------:Thu Dec 24 13:55:35 2020
end of time--------:Thu Dec 24 13:55:38 2020
start time---------:Thu Dec 24 13:55:38 2020
end of time--------:Thu Dec 24 13:55:41 2020
start time---------:Thu Dec 24 13:55:41 2020
end of time--------:Thu Dec 24 13:55:44 2020
start time---------:Thu Dec 24 13:55:44 2020
end of time--------:Thu Dec 24 13:55:47 2020
start time---------:Thu Dec 24 13:55:47 2020
end of time--------:Thu Dec 24 13:55:50 2020
start time---------:Thu Dec 24 13:55:50 2020
end of time--------:Thu Dec 24 13:55:53 2020
start time---------:Thu Dec 24 13:55:53 2020
end of time--------:Thu Dec 24 13:55:56 2020
start time---------:Thu Dec 24 13:55:56 2020
end of time--------:Thu Dec 24 13:55:59 2020
start time---------:Thu Dec 24 13:55:59 2020
end of time--------:Thu Dec 24 13:56:02 2020
start time---------:Thu Dec 24 13:56:02 2020
end of time--------:Thu Dec 24 13:56:05 2020
start time---------:Thu Dec 24 13:56:05 2020
end of time--------:Thu Dec 24 13:56:08 2020
start time---------:Thu Dec 24 13:56:08 2020
end of time--------:Thu Dec 24 13:56:11 2020
start time---------:Thu Dec 24 13:56:11 2020
end of time--------:Thu Dec 24 13:56:14 2020
start time---------:Thu Dec 24 13:56:14 2020
end of time--------:Thu Dec 24 13:56:17 2020
start time---------:Thu Dec 24 13:56:17 2020
end of time--------:Thu Dec 24 13:56:20 2020
start time---------:Thu Dec 24 13:56:20 2020
end of time--------:Thu Dec 24 13:56:23 2020
start time---------:Thu Dec 24 13:56:23 2020
end of time--------:Thu Dec 24 13:56:26 2020
start time---------:Thu Dec 24 13:56:26 2020
end of time--------:Thu Dec 24 13:56:29 2020
start time---------:Thu Dec 24 13:56:29 2020
end of time--------:Thu Dec 24 13:56:32 2020
start time---------:Thu Dec 24 13:56:32 2020
end of time--------:Thu Dec 24 13:56:35 2020
start time---------:Thu Dec 24 13:56:35 2020
end of time--------:Thu Dec 24 13:56:38 2020
start time---------:Thu Dec 24 13:56:38 2020
start time---------:Thu Dec 24 13:58:29 2020
end of time--------:Thu Dec 24 13:58:32 2020
start time---------:Thu Dec 24 13:58:32 2020
end of time--------:Thu Dec 24 13:58:35 2020
start time---------:Thu Dec 24 13:58:35 2020
end of time--------:Thu Dec 24 13:58:38 2020
start time---------:Thu Dec 24 13:58:38 2020
end of time--------:Thu Dec 24 13:58:41 2020
start time---------:Thu Dec 24 13:58:41 2020
end of time--------:Thu Dec 24 13:58:44 2020
start time---------:Thu Dec 24 13:58:44 2020
end of time--------:Thu Dec 24 13:58:47 2020
start time---------:Thu Dec 24 13:58:47 2020
end of time--------:Thu Dec 24 13:58:50 2020
start time---------:Thu Dec 24 13:58:50 2020
end of time--------:Thu Dec 24 13:58:53 2020
start time---------:Thu Dec 24 13:58:53 2020
end of time--------:Thu Dec 24 13:58:56 2020
start time---------:Thu Dec 24 13:58:56 2020
